Mar 17, 2017 6:59:43 PM editor.Main main
INFO: Java version: 1.8.0_101
Mar 17, 2017 6:59:43 PM editor.Main main
INFO: Editor version: 0.9.1
Mar 17, 2017 6:59:43 PM editor.Main listMods
INFO: Checking for mods in F:\Games\Steam\steamapps\common\Crusader Kings II\mod
Mar 17, 2017 6:59:44 PM editor.Main listMods
INFO: Checking for mods in C:\Users\Rowan 2\Documents\Paradox Interactive\Crusader Kings II\mod
Mar 17, 2017 6:59:59 PM editor.Main$4 actionPerformed
INFO: Loading Crusader Kings 2. Mod: The Seven Kingdoms: Standalone
Mar 17, 2017 6:59:59 PM editor.Main$4 actionPerformed
INFO: Game path: F:\Games\Steam\steamapps\common\Crusader Kings II
Mar 17, 2017 6:59:59 PM editor.Main$4 actionPerformed
INFO: Mod path: C:\Users\Rowan 2\Documents\Paradox Interactive\Crusader Kings II\mod/The_Seven_Kingdoms
Mar 17, 2017 7:00:00 PM editor.MapPanel initialize
INFO: Reading map from image...
Mar 17, 2017 7:00:02 PM editor.MapPanel initialize
INFO: Done.
Mar 17, 2017 7:00:02 PM editor.EditorUI setDataSource
INFO: Loading province history...
Mar 17, 2017 7:00:02 PM editor.EditorUI setDataSource
INFO: Done.
Mar 17, 2017 7:00:02 PM editor.EditorUI$2 doInBackground
INFO: Checking for new versions
Mar 17, 2017 7:00:04 PM editor.MapPanel getProvinceAt
WARNING: No province registered for 255,0,0
Mar 17, 2017 7:00:04 PM editor.MapPanel getProvinceAt
WARNING: No province registered for 255,0,0
Mar 17, 2017 7:00:04 PM editor.MapPanel getProvinceAt
WARNING: No province registered for 255,0,0
Mar 17, 2017 7:00:04 PM editor.MapPanel getProvinceAt
WARNING: No province registered for 255,0,0
Mar 17, 2017 7:00:04 PM editor.MapPanel getProvinceAt
WARNING: No province registered for 255,0,0
Mar 17, 2017 7:00:04 PM editor.MapPanel getProvinceAt
WARNING: No province registered for 255,0,0
Mar 17, 2017 7:00:04 PM editor.MapPanel getProvinceAt
WARNING: No province registered for 255,0,0
Mar 17, 2017 7:00:04 PM editor.MapPanel getProvinceAt
WARNING: No province registered for 255,0,0
Mar 17, 2017 7:00:04 PM editor.MapPanel getProvinceAt
WARNING: No province registered for 255,0,0
Mar 17, 2017 7:00:04 PM editor.MapPanel getProvinceAt
WARNING: No province registered for 255,0,0
Mar 17, 2017 7:00:04 PM editor.MapPanel getProvinceAt
WARNING: No province registered for 255,0,0
Mar 17, 2017 7:00:04 PM editor.MapPanel getProvinceAt
WARNING: No province registered for 255,0,0
Mar 17, 2017 7:00:04 PM editor.MapPanel getProvinceAt
WARNING: No province registered for 255,0,0
Mar 17, 2017 7:00:04 PM editor.MapPanel getProvinceAt
WARNING: No province registered for 255,0,0
Mar 17, 2017 7:00:04 PM editor.MapPanel getProvinceAt
WARNING: No province registered for 255,0,0
Mar 17, 2017 7:00:04 PM editor.MapPanel getProvinceAt
WARNING: No province registered for 255,0,0
Mar 17, 2017 7:00:04 PM editor.MapPanel getProvinceAt
WARNING: No province registered for 255,0,0
Mar 17, 2017 7:00:04 PM editor.MapPanel getProvinceAt
WARNING: No province registered for 255,0,0
Mar 17, 2017 7:00:04 PM editor.MapPanel getProvinceAt
WARNING: No province registered for 255,0,0
Mar 17, 2017 7:00:04 PM editor.MapPanel getProvinceAt
WARNING: No province registered for 255,0,0
Mar 17, 2017 7:00:04 PM editor.MapPanel getProvinceAt
WARNING: No province registered for 255,0,0
Mar 17, 2017 7:00:04 PM editor.MapPanel getProvinceAt
WARNING: No province registered for 255,0,0
Mar 17, 2017 7:00:04 PM editor.MapPanel getProvinceAt
WARNING: No province registered for 255,0,0
Mar 17, 2017 7:00:04 PM editor.MapPanel getProvinceAt
WARNING: No province registered for 255,0,0
Mar 17, 2017 7:00:04 PM editor.MapPanel getProvinceAt
WARNING: No province registered for 255,0,0
Mar 17, 2017 7:00:04 PM editor.MapPanel getProvinceAt
WARNING: No province registered for 255,0,0
Mar 17, 2017 7:00:04 PM editor.MapPanel getProvinceAt
WARNING: No province registered for 255,0,0
Mar 17, 2017 7:00:04 PM editor.MapPanel getProvinceAt
WARNING: No province registered for 255,0,0
Mar 17, 2017 7:00:04 PM editor.MapPanel getProvinceAt
WARNING: No province registered for 255,0,0
Mar 17, 2017 7:00:04 PM editor.MapPanel getProvinceAt
WARNING: No province registered for 255,0,0
Mar 17, 2017 7:00:04 PM editor.MapPanel getProvinceAt
WARNING: No province registered for 255,0,0
Mar 17, 2017 7:00:04 PM editor.MapPanel getProvinceAt
WARNING: No province registered for 255,0,0
Mar 17, 2017 7:00:04 PM editor.MapPanel getProvinceAt
WARNING: No province registered for 255,0,0
Mar 17, 2017 7:00:04 PM editor.MapPanel getProvinceAt
WARNING: No province registered for 255,0,0
Mar 17, 2017 7:00:04 PM editor.MapPanel getProvinceAt
WARNING: No province registered for 255,0,0
Mar 17, 2017 7:00:04 PM editor.MapPanel getProvinceAt
WARNING: No province registered for 255,0,0
Mar 17, 2017 7:00:04 PM editor.MapPanel getProvinceAt
WARNING: No province registered for 255,0,0
Mar 17, 2017 7:00:04 PM editor.MapPanel getProvinceAt
WARNING: No province registered for 255,0,0
Mar 17, 2017 7:00:04 PM editor.MapPanel getProvinceAt
WARNING: No province registered for 255,0,0
Mar 17, 2017 7:00:04 PM editor.MapPanel getProvinceAt
WARNING: No province registered for 255,0,0
Mar 17, 2017 7:00:04 PM editor.MapPanel getProvinceAt
WARNING: No province registered for 255,0,0
Mar 17, 2017 7:00:04 PM editor.MapPanel getProvinceAt
WARNING: No province registered for 255,0,0
Mar 17, 2017 7:00:04 PM editor.MapPanel getProvinceAt
WARNING: No province registered for 255,0,0
Mar 17, 2017 7:00:04 PM editor.MapPanel getProvinceAt
WARNING: No province registered for 255,0,0
Mar 17, 2017 7:00:04 PM editor.MapPanel getProvinceAt
WARNING: No province registered for 255,0,0
Mar 17, 2017 7:00:04 PM editor.MapPanel getProvinceAt
WARNING: No province registered for 255,0,0
Mar 17, 2017 7:00:04 PM editor.MapPanel getProvinceAt
WARNING: No province registered for 255,0,0
Mar 17, 2017 7:00:04 PM editor.MapPanel getProvinceAt
WARNING: No province registered for 255,0,0
Mar 17, 2017 7:00:04 PM editor.MapPanel getProvinceAt
WARNING: No province registered for 255,0,0
Mar 17, 2017 7:00:04 PM editor.MapPanel getProvinceAt
WARNING: No province registered for 255,0,0
Mar 17, 2017 7:00:04 PM editor.MapPanel getProvinceAt
WARNING: No province registered for 255,0,0
Mar 17, 2017 7:00:04 PM editor.MapPanel getProvinceAt
WARNING: No province registered for 255,0,0
Mar 17, 2017 7:00:04 PM editor.MapPanel getProvinceAt
WARNING: No province registered for 255,0,0
Mar 17, 2017 7:00:04 PM editor.MapPanel getProvinceAt
WARNING: No province registered for 255,0,0
Mar 17, 2017 7:00:04 PM editor.MapPanel getProvinceAt
WARNING: No province registered for 255,0,0
Mar 17, 2017 7:00:04 PM editor.MapPanel getProvinceAt
WARNING: No province registered for 255,0,0
Mar 17, 2017 7:00:04 PM editor.MapPanel getProvinceAt
WARNING: No province registered for 255,0,0
Mar 17, 2017 7:00:04 PM editor.MapPanel getProvinceAt
WARNING: No province registered for 255,0,0
Mar 17, 2017 7:00:04 PM editor.MapPanel getProvinceAt
WARNING: No province registered for 255,0,0
Mar 17, 2017 7:00:04 PM editor.MapPanel getProvinceAt
WARNING: No province registered for 255,0,0
Mar 17, 2017 7:00:04 PM editor.MapPanel getProvinceAt
WARNING: No province registered for 255,0,0
Mar 17, 2017 7:00:04 PM editor.MapPanel getProvinceAt
WARNING: No province registered for 255,0,0
Mar 17, 2017 7:00:04 PM editor.MapPanel getProvinceAt
WARNING: No province registered for 255,0,0
Mar 17, 2017 7:00:04 PM editor.MapPanel getProvinceAt
WARNING: No province registered for 255,0,0
Mar 17, 2017 7:00:04 PM editor.MapPanel getProvinceAt
WARNING: No province registered for 255,0,0
Mar 17, 2017 7:00:04 PM editor.MapPanel getProvinceAt
WARNING: No province registered for 255,0,0
Mar 17, 2017 7:00:04 PM editor.MapPanel getProvinceAt
WARNING: No province registered for 255,0,0
Mar 17, 2017 7:00:04 PM editor.MapPanel getProvinceAt
WARNING: No province registered for 255,0,0
Mar 17, 2017 7:00:04 PM editor.MapPanel getProvinceAt
WARNING: No province registered for 255,0,0
Mar 17, 2017 7:00:04 PM editor.MapPanel getProvinceAt
WARNING: No province registered for 255,0,0
Mar 17, 2017 7:00:04 PM editor.MapPanel getProvinceAt
WARNING: No province registered for 255,0,0
Mar 17, 2017 7:00:04 PM editor.MapPanel getProvinceAt
WARNING: No province registered for 255,0,0
Mar 17, 2017 7:00:04 PM editor.MapPanel getProvinceAt
WARNING: No province registered for 255,0,0
Mar 17, 2017 7:00:04 PM editor.MapPanel getProvinceAt
WARNING: No province registered for 255,0,0
Mar 17, 2017 7:00:04 PM editor.MapPanel getProvinceAt
WARNING: No province registered for 255,0,0
Mar 17, 2017 7:00:04 PM editor.MapPanel getProvinceAt
WARNING: No province registered for 255,0,0
Mar 17, 2017 7:00:04 PM editor.MapPanel getProvinceAt
WARNING: No province registered for 255,0,0
Mar 17, 2017 7:00:04 PM editor.MapPanel getProvinceAt
WARNING: No province registered for 255,0,0
Mar 17, 2017 7:00:04 PM editor.MapPanel getProvinceAt
WARNING: No province registered for 255,0,0
Mar 17, 2017 7:00:04 PM editor.MapPanel getProvinceAt
WARNING: No province registered for 255,0,0
Mar 17, 2017 7:00:04 PM editor.MapPanel getProvinceAt
WARNING: No province registered for 255,0,0
Mar 17, 2017 7:00:04 PM editor.MapPanel getProvinceAt
WARNING: No province registered for 255,0,0
Mar 17, 2017 7:00:04 PM editor.MapPanel getProvinceAt
WARNING: No province registered for 255,0,0
Mar 17, 2017 7:00:04 PM editor.MapPanel getProvinceAt
WARNING: No province registered for 255,0,0
Mar 17, 2017 7:00:04 PM editor.MapPanel getProvinceAt
WARNING: No province registered for 255,0,0
Mar 17, 2017 7:00:04 PM editor.MapPanel getProvinceAt
WARNING: No province registered for 255,0,0
Mar 17, 2017 7:00:04 PM editor.MapPanel getProvinceAt
WARNING: No province registered for 255,0,0
Mar 17, 2017 7:00:04 PM editor.MapPanel getProvinceAt
WARNING: No province registered for 255,0,0
Mar 17, 2017 7:00:04 PM editor.MapPanel getProvinceAt
WARNING: No province registered for 255,0,0
Mar 17, 2017 7:00:04 PM editor.MapPanel getProvinceAt
WARNING: No province registered for 255,0,0
Mar 17, 2017 7:00:04 PM editor.MapPanel getProvinceAt
WARNING: No province registered for 255,0,0
Mar 17, 2017 7:00:04 PM editor.MapPanel getProvinceAt
WARNING: No province registered for 255,0,0
Mar 17, 2017 7:00:04 PM editor.MapPanel getProvinceAt
WARNING: No province registered for 255,0,0
Mar 17, 2017 7:00:04 PM editor.MapPanel getProvinceAt
WARNING: No province registered for 255,0,0
Mar 17, 2017 7:00:04 PM editor.MapPanel getProvinceAt
WARNING: No province registered for 255,0,0
Mar 17, 2017 7:00:04 PM editor.MapPanel getProvinceAt
WARNING: No province registered for 255,0,0
Mar 17, 2017 7:00:04 PM editor.MapPanel getProvinceAt
WARNING: No province registered for 255,0,0
Mar 17, 2017 7:00:04 PM editor.MapPanel getProvinceAt
WARNING: No province registered for 255,0,0
Mar 17, 2017 7:00:04 PM editor.MapPanel getProvinceAt
WARNING: No province registered for 255,0,0
Mar 17, 2017 7:00:04 PM editor.MapPanel getProvinceAt
WARNING: No province registered for 255,0,0
Mar 17, 2017 7:00:04 PM editor.MapPanel getProvinceAt
WARNING: No province registered for 255,0,0
Mar 17, 2017 7:00:04 PM editor.MapPanel getProvinceAt
WARNING: No province registered for 255,0,0
Mar 17, 2017 7:00:04 PM editor.MapPanel getProvinceAt
WARNING: No province registered for 255,0,0
Mar 17, 2017 7:00:04 PM editor.MapPanel getProvinceAt
WARNING: No province registered for 255,0,0
Mar 17, 2017 7:00:04 PM editor.MapPanel getProvinceAt
WARNING: No province registered for 255,0,0
Mar 17, 2017 7:00:04 PM editor.MapPanel getProvinceAt
WARNING: No province registered for 255,0,0
Mar 17, 2017 7:00:04 PM editor.MapPanel getProvinceAt
WARNING: No province registered for 255,0,0
Mar 17, 2017 7:00:04 PM editor.MapPanel getProvinceAt
WARNING: No province registered for 255,0,0
Mar 17, 2017 7:00:04 PM editor.MapPanel getProvinceAt
WARNING: No province registered for 255,0,0
Mar 17, 2017 7:00:04 PM editor.MapPanel getProvinceAt
WARNING: No province registered for 255,0,0
Mar 17, 2017 7:00:04 PM editor.MapPanel getProvinceAt
WARNING: No province registered for 255,0,0
Mar 17, 2017 7:00:04 PM editor.MapPanel getProvinceAt
WARNING: No province registered for 255,0,0
Mar 17, 2017 7:00:04 PM editor.MapPanel getProvinceAt
WARNING: No province registered for 255,0,0
Mar 17, 2017 7:00:04 PM editor.MapPanel getProvinceAt
WARNING: No province registered for 255,0,0
Mar 17, 2017 7:00:04 PM editor.MapPanel getProvinceAt
WARNING: No province registered for 255,0,0
Mar 17, 2017 7:00:06 PM editor.MapPanel getProvinceAt
WARNING: No province registered for 255,0,0
Mar 17, 2017 7:00:06 PM editor.MapPanel getProvinceAt
WARNING: No province registered for 255,0,0
Mar 17, 2017 7:00:06 PM editor.MapPanel getProvinceAt
WARNING: No province registered for 255,0,0
Mar 17, 2017 7:00:06 PM editor.MapPanel getProvinceAt
WARNING: No province registered for 255,0,0
Mar 17, 2017 7:00:06 PM editor.MapPanel getProvinceAt
WARNING: No province registered for 255,0,0
Mar 17, 2017 7:00:06 PM editor.MapPanel getProvinceAt
WARNING: No province registered for 255,0,0
Mar 17, 2017 7:00:06 PM editor.MapPanel getProvinceAt
WARNING: No province registered for 255,0,0
Mar 17, 2017 7:00:06 PM editor.MapPanel getProvinceAt
WARNING: No province registered for 255,0,0
Mar 17, 2017 7:00:06 PM editor.MapPanel getProvinceAt
WARNING: No province registered for 255,0,0
Mar 17, 2017 7:00:06 PM editor.MapPanel getProvinceAt
WARNING: No province registered for 255,0,0
Mar 17, 2017 7:00:06 PM editor.MapPanel getProvinceAt
WARNING: No province registered for 255,0,0
Mar 17, 2017 7:00:06 PM editor.MapPanel getProvinceAt
WARNING: No province registered for 255,0,0
Mar 17, 2017 7:00:06 PM editor.MapPanel getProvinceAt
WARNING: No province registered for 255,0,0
Mar 17, 2017 7:00:06 PM editor.MapPanel getProvinceAt
WARNING: No province registered for 255,0,0
Mar 17, 2017 7:00:06 PM editor.MapPanel getProvinceAt
WARNING: No province registered for 255,0,0
Mar 17, 2017 7:00:06 PM editor.MapPanel getProvinceAt
WARNING: No province registered for 255,0,0
Mar 17, 2017 7:00:06 PM editor.MapPanel getProvinceAt
WARNING: No province registered for 255,0,0
Mar 17, 2017 7:00:06 PM editor.MapPanel getProvinceAt
WARNING: No province registered for 255,0,0
Mar 17, 2017 7:00:06 PM editor.MapPanel getProvinceAt
WARNING: No province registered for 255,0,0
Mar 17, 2017 7:00:06 PM editor.MapPanel getProvinceAt
WARNING: No province registered for 255,0,0
Mar 17, 2017 7:00:06 PM editor.MapPanel getProvinceAt
WARNING: No province registered for 255,0,0
Mar 17, 2017 7:00:06 PM editor.MapPanel getProvinceAt
WARNING: No province registered for 255,0,0
Mar 17, 2017 7:00:06 PM editor.MapPanel getProvinceAt
WARNING: No province registered for 255,0,0
Mar 17, 2017 7:00:06 PM editor.MapPanel getProvinceAt
WARNING: No province registered for 255,0,0
Mar 17, 2017 7:00:06 PM editor.MapPanel getProvinceAt
WARNING: No province registered for 255,0,0
Mar 17, 2017 7:00:06 PM editor.MapPanel getProvinceAt
WARNING: No province registered for 255,0,0
Mar 17, 2017 7:00:06 PM editor.MapPanel getProvinceAt
WARNING: No province registered for 255,0,0
Mar 17, 2017 7:00:06 PM editor.MapPanel getProvinceAt
WARNING: No province registered for 255,0,0
Mar 17, 2017 7:00:06 PM editor.MapPanel getProvinceAt
WARNING: No province registered for 255,0,0
Mar 17, 2017 7:00:06 PM editor.MapPanel getProvinceAt
WARNING: No province registered for 255,0,0
Mar 17, 2017 7:00:06 PM editor.MapPanel getProvinceAt
WARNING: No province registered for 255,0,0
Mar 17, 2017 7:00:06 PM editor.MapPanel getProvinceAt
WARNING: No province registered for 255,0,0
Mar 17, 2017 7:00:06 PM editor.MapPanel getProvinceAt
WARNING: No province registered for 255,0,0
Mar 17, 2017 7:00:06 PM editor.MapPanel getProvinceAt
WARNING: No province registered for 255,0,0
Mar 17, 2017 7:00:06 PM editor.MapPanel getProvinceAt
WARNING: No province registered for 255,0,0
Mar 17, 2017 7:00:06 PM editor.MapPanel getProvinceAt
WARNING: No province registered for 255,0,0
Mar 17, 2017 7:00:06 PM editor.MapPanel getProvinceAt
WARNING: No province registered for 255,0,0
Mar 17, 2017 7:00:06 PM editor.MapPanel getProvinceAt
WARNING: No province registered for 255,0,0
Mar 17, 2017 7:00:06 PM editor.MapPanel getProvinceAt
WARNING: No province registered for 255,0,0
Mar 17, 2017 7:00:06 PM editor.MapPanel getProvinceAt
WARNING: No province registered for 255,0,0
Mar 17, 2017 7:00:06 PM editor.MapPanel getProvinceAt
WARNING: No province registered for 255,0,0
Mar 17, 2017 7:00:06 PM editor.MapPanel getProvinceAt
WARNING: No province registered for 255,0,0
Mar 17, 2017 7:00:06 PM editor.MapPanel getProvinceAt
WARNING: No province registered for 255,0,0
Mar 17, 2017 7:00:06 PM editor.MapPanel getProvinceAt
WARNING: No province registered for 255,0,0
Mar 17, 2017 7:00:06 PM editor.MapPanel getProvinceAt
WARNING: No province registered for 255,0,0
Mar 17, 2017 7:00:06 PM editor.MapPanel getProvinceAt
WARNING: No province registered for 255,0,0
Mar 17, 2017 7:00:06 PM editor.MapPanel getProvinceAt
WARNING: No province registered for 255,0,0
Mar 17, 2017 7:00:06 PM editor.MapPanel getProvinceAt
WARNING: No province registered for 255,0,0
Mar 17, 2017 7:00:06 PM editor.MapPanel getProvinceAt
WARNING: No province registered for 255,0,0
Mar 17, 2017 7:00:06 PM editor.MapPanel getProvinceAt
WARNING: No province registered for 255,0,0
Mar 17, 2017 7:00:06 PM editor.MapPanel getProvinceAt
WARNING: No province registered for 255,0,0
Mar 17, 2017 7:00:06 PM editor.MapPanel getProvinceAt
WARNING: No province registered for 255,0,0
Mar 17, 2017 7:00:06 PM editor.MapPanel getProvinceAt
WARNING: No province registered for 255,0,0
Mar 17, 2017 7:00:06 PM editor.MapPanel getProvinceAt
WARNING: No province registered for 255,0,0
Mar 17, 2017 7:00:06 PM editor.MapPanel getProvinceAt
WARNING: No province registered for 255,0,0
Mar 17, 2017 7:00:06 PM editor.MapPanel getProvinceAt
WARNING: No province registered for 255,0,0
Mar 17, 2017 7:00:06 PM editor.MapPanel getProvinceAt
WARNING: No province registered for 255,0,0
Mar 17, 2017 7:00:06 PM editor.MapPanel getProvinceAt
WARNING: No province registered for 255,0,0
Mar 17, 2017 7:00:06 PM editor.MapPanel getProvinceAt
WARNING: No province registered for 255,0,0
Mar 17, 2017 7:00:06 PM editor.MapPanel getProvinceAt
WARNING: No province registered for 255,0,0
Mar 17, 2017 7:00:06 PM editor.MapPanel getProvinceAt
WARNING: No province registered for 255,0,0
Mar 17, 2017 7:00:06 PM editor.MapPanel getProvinceAt
WARNING: No province registered for 255,0,0
Mar 17, 2017 7:00:06 PM editor.MapPanel getProvinceAt
WARNING: No province registered for 255,0,0
Mar 17, 2017 7:00:06 PM editor.MapPanel getProvinceAt
WARNING: No province registered for 255,0,0
Mar 17, 2017 7:00:06 PM editor.MapPanel getProvinceAt
WARNING: No province registered for 255,0,0
Mar 17, 2017 7:00:06 PM editor.MapPanel getProvinceAt
WARNING: No province registered for 255,0,0
Mar 17, 2017 7:00:06 PM editor.MapPanel getProvinceAt
WARNING: No province registered for 255,0,0
Mar 17, 2017 7:00:06 PM editor.MapPanel getProvinceAt
WARNING: No province registered for 255,0,0
Mar 17, 2017 7:00:06 PM editor.MapPanel getProvinceAt
WARNING: No province registered for 255,0,0
Mar 17, 2017 7:00:06 PM editor.MapPanel getProvinceAt
WARNING: No province registered for 255,0,0
Mar 17, 2017 7:00:06 PM editor.MapPanel getProvinceAt
WARNING: No province registered for 255,0,0
Mar 17, 2017 7:00:06 PM editor.MapPanel getProvinceAt
WARNING: No province registered for 255,0,0
Mar 17, 2017 7:00:06 PM editor.MapPanel getProvinceAt
WARNING: No province registered for 255,0,0
Mar 17, 2017 7:00:06 PM editor.MapPanel getProvinceAt
WARNING: No province registered for 255,0,0
Mar 17, 2017 7:00:06 PM editor.MapPanel getProvinceAt
WARNING: No province registered for 255,0,0
Mar 17, 2017 7:00:06 PM editor.MapPanel getProvinceAt
WARNING: No province registered for 255,0,0
Mar 17, 2017 7:00:06 PM editor.MapPanel getProvinceAt
WARNING: No province registered for 255,0,0
Mar 17, 2017 7:00:06 PM editor.MapPanel getProvinceAt
WARNING: No province registered for 255,0,0
Mar 17, 2017 7:00:06 PM editor.MapPanel getProvinceAt
WARNING: No province registered for 255,0,0
Mar 17, 2017 7:00:06 PM editor.MapPanel getProvinceAt
WARNING: No province registered for 255,0,0
Mar 17, 2017 7:00:06 PM editor.MapPanel getProvinceAt
WARNING: No province registered for 255,0,0
Mar 17, 2017 7:00:06 PM editor.MapPanel getProvinceAt
WARNING: No province registered for 255,0,0
Mar 17, 2017 7:00:06 PM editor.MapPanel getProvinceAt
WARNING: No province registered for 255,0,0
Mar 17, 2017 7:00:06 PM editor.MapPanel getProvinceAt
WARNING: No province registered for 255,0,0
Mar 17, 2017 7:00:06 PM editor.MapPanel getProvinceAt
WARNING: No province registered for 255,0,0
Mar 17, 2017 7:00:06 PM editor.MapPanel getProvinceAt
WARNING: No province registered for 255,0,0
Mar 17, 2017 7:00:06 PM editor.MapPanel getProvinceAt
WARNING: No province registered for 255,0,0
Mar 17, 2017 7:00:06 PM editor.MapPanel getProvinceAt
WARNING: No province registered for 255,0,0
Mar 17, 2017 7:00:06 PM editor.MapPanel getProvinceAt
WARNING: No province registered for 255,0,0
Mar 17, 2017 7:00:06 PM editor.MapPanel getProvinceAt
WARNING: No province registered for 255,0,0
Mar 17, 2017 7:00:06 PM editor.MapPanel getProvinceAt
WARNING: No province registered for 255,0,0
Mar 17, 2017 7:00:06 PM editor.MapPanel getProvinceAt
WARNING: No province registered for 255,0,0
Mar 17, 2017 7:00:06 PM editor.MapPanel getProvinceAt
WARNING: No province registered for 255,0,0
Mar 17, 2017 7:00:06 PM editor.MapPanel getProvinceAt
WARNING: No province registered for 255,0,0
Mar 17, 2017 7:00:06 PM editor.MapPanel getProvinceAt
WARNING: No province registered for 255,0,0
Mar 17, 2017 7:00:06 PM editor.MapPanel getProvinceAt
WARNING: No province registered for 255,0,0
Mar 17, 2017 7:00:06 PM editor.MapPanel getProvinceAt
WARNING: No province registered for 255,0,0
Mar 17, 2017 7:00:06 PM editor.MapPanel getProvinceAt
WARNING: No province registered for 255,0,0
Mar 17, 2017 7:00:09 PM editor.MapPanel getProvinceAt
WARNING: No province registered for 255,0,0
Mar 17, 2017 7:00:09 PM editor.MapPanel getProvinceAt
WARNING: No province registered for 255,0,0
Mar 17, 2017 7:00:09 PM editor.MapPanel getProvinceAt
WARNING: No province registered for 255,0,0
Mar 17, 2017 7:00:09 PM editor.MapPanel getProvinceAt
WARNING: No province registered for 255,0,0
Mar 17, 2017 7:00:09 PM editor.MapPanel getProvinceAt
WARNING: No province registered for 255,0,0
Mar 17, 2017 7:00:09 PM editor.MapPanel getProvinceAt
WARNING: No province registered for 255,0,0
Mar 17, 2017 7:00:09 PM editor.MapPanel getProvinceAt
WARNING: No province registered for 255,0,0
Mar 17, 2017 7:00:09 PM editor.MapPanel getProvinceAt
WARNING: No province registered for 255,0,0
Mar 17, 2017 7:00:09 PM editor.MapPanel getProvinceAt
WARNING: No province registered for 255,0,0
Mar 17, 2017 7:00:10 PM editor.MapPanel getProvinceAt
WARNING: No province registered for 255,0,0
Mar 17, 2017 7:00:10 PM editor.MapPanel getProvinceAt
WARNING: No province registered for 255,0,0
Mar 17, 2017 7:00:10 PM editor.MapPanel getProvinceAt
WARNING: No province registered for 255,0,0
Mar 17, 2017 7:00:14 PM editor.MapPanel getProvinceAt
WARNING: No province registered for 255,0,0
Mar 17, 2017 7:00:26 PM editor.MapPanel getProvinceAt
WARNING: No province registered for 255,0,0
Mar 17, 2017 7:00:35 PM editor.MapPanel getProvinceAt
WARNING: No province registered for 255,0,0
Mar 17, 2017 7:00:35 PM editor.MapPanel getProvinceAt
WARNING: No province registered for 255,0,0
Mar 17, 2017 7:00:35 PM editor.MapPanel getProvinceAt
WARNING: No province registered for 255,0,0
Mar 17, 2017 7:00:35 PM editor.MapPanel getProvinceAt
WARNING: No province registered for 255,0,0
Mar 17, 2017 7:00:35 PM editor.MapPanel getProvinceAt
WARNING: No province registered for 255,0,0
Mar 17, 2017 7:00:35 PM editor.MapPanel getProvinceAt
WARNING: No province registered for 255,0,0
Mar 17, 2017 7:00:35 PM editor.MapPanel getProvinceAt
WARNING: No province registered for 255,0,0
Mar 17, 2017 7:00:35 PM editor.MapPanel getProvinceAt
WARNING: No province registered for 255,0,0
Mar 17, 2017 7:00:35 PM editor.MapPanel getProvinceAt
WARNING: No province registered for 255,0,0
Mar 17, 2017 7:00:35 PM editor.MapPanel getProvinceAt
WARNING: No province registered for 255,0,0
Mar 17, 2017 7:00:35 PM editor.MapPanel getProvinceAt
WARNING: No province registered for 255,0,0
Mar 17, 2017 7:00:35 PM editor.MapPanel getProvinceAt
WARNING: No province registered for 255,0,0
Mar 17, 2017 7:00:35 PM editor.MapPanel getProvinceAt
WARNING: No province registered for 255,0,0
Mar 17, 2017 7:00:35 PM editor.MapPanel getProvinceAt
WARNING: No province registered for 255,0,0
Mar 17, 2017 7:00:38 PM editor.MapPanel getProvinceAt
WARNING: No province registered for 255,0,0
Mar 17, 2017 7:00:38 PM editor.MapPanel getProvinceAt
WARNING: No province registered for 255,0,0
Mar 17, 2017 7:00:38 PM editor.MapPanel getProvinceAt
WARNING: No province registered for 255,0,0
Mar 17, 2017 7:00:38 PM editor.MapPanel getProvinceAt
WARNING: No province registered for 255,0,0
Mar 17, 2017 7:00:38 PM editor.MapPanel getProvinceAt
WARNING: No province registered for 255,0,0
Mar 17, 2017 7:00:38 PM editor.MapPanel getProvinceAt
WARNING: No province registered for 255,0,0
Mar 17, 2017 7:00:47 PM editor.MapPanel getProvinceAt
WARNING: No province registered for 255,0,0
Mar 17, 2017 7:00:47 PM editor.MapPanel getProvinceAt
WARNING: No province registered for 255,0,0
Mar 17, 2017 7:00:56 PM editor.MapPanel getProvinceAt
WARNING: No province registered for 255,0,0
Mar 17, 2017 7:00:56 PM editor.MapPanel getProvinceAt
WARNING: No province registered for 255,0,0
Mar 17, 2017 7:01:01 PM editor.MapPanel getProvinceAt
WARNING: No province registered for 255,0,0
Mar 17, 2017 7:01:01 PM editor.MapPanel getProvinceAt
WARNING: No province registered for 255,0,0
Mar 17, 2017 7:01:21 PM editor.Main lambda$main$19
SEVERE: Uncaught exception
java.lang.NullPointerException
	at editor.mapmode.Utilities.readTitleColors(Utilities.java:186)
	at editor.mapmode.Utilities.initTitles(Utilities.java:123)
	at editor.mapmode.Utilities.getTitleColor(Utilities.java:286)
	at editor.mapmode.TitleMode.getTitleColor(TitleMode.java:75)
	at editor.mapmode.TitleMode.paintProvince(TitleMode.java:66)
	at editor.mapmode.ProvincePaintingMode.paint(ProvincePaintingMode.java:46)
	at editor.mapmode.MapMode.paint(MapMode.java:51)
	at editor.MapPanel.paintComponent(MapPanel.java:140)
	at javax.swing.JComponent.paint(Unknown Source)
	at javax.swing.JComponent.paintChildren(Unknown Source)
	at javax.swing.JComponent.paint(Unknown Source)
	at javax.swing.JViewport.paint(Unknown Source)
	at javax.swing.JComponent.paintChildren(Unknown Source)
	at javax.swing.JComponent.paint(Unknown Source)
	at javax.swing.JComponent.paintChildren(Unknown Source)
	at javax.swing.JComponent.paint(Unknown Source)
	at javax.swing.JComponent.paintChildren(Unknown Source)
	at javax.swing.JComponent.paint(Unknown Source)
	at javax.swing.JLayeredPane.paint(Unknown Source)
	at javax.swing.JComponent.paintChildren(Unknown Source)
	at javax.swing.JComponent.paint(Unknown Source)
	at javax.swing.JComponent.paintToOffscreen(Unknown Source)
	at javax.swing.RepaintManager$PaintManager.paintDoubleBuffered(Unknown Source)
	at javax.swing.RepaintManager$PaintManager.paint(Unknown Source)
	at javax.swing.RepaintManager.paint(Unknown Source)
	at javax.swing.JComponent._paintImmediately(Unknown Source)
	at javax.swing.JComponent.paintImmediately(Unknown Source)
	at javax.swing.RepaintManager$4.run(Unknown Source)
	at javax.swing.RepaintManager$4.run(Unknown Source)
	at java.security.AccessController.doPrivileged(Native Method)
	at java.security.ProtectionDomain$JavaSecurityAccessImpl.doIntersectionPrivilege(Unknown Source)
	at javax.swing.RepaintManager.paintDirtyRegions(Unknown Source)
	at javax.swing.RepaintManager.paintDirtyRegions(Unknown Source)
	at javax.swing.RepaintManager.prePaintDirtyRegions(Unknown Source)
	at javax.swing.RepaintManager.access$1200(Unknown Source)
	at javax.swing.RepaintManager$ProcessingRunnable.run(Unknown Source)
	at java.awt.event.InvocationEvent.dispatch(Unknown Source)
	at java.awt.EventQueue.dispatchEventImpl(Unknown Source)
	at java.awt.EventQueue.access$500(Unknown Source)
	at java.awt.EventQueue$3.run(Unknown Source)
	at java.awt.EventQueue$3.run(Unknown Source)
	at java.security.AccessController.doPrivileged(Native Method)
	at java.security.ProtectionDomain$JavaSecurityAccessImpl.doIntersectionPrivilege(Unknown Source)
	at java.awt.EventQueue.dispatchEvent(Unknown Source)
	at java.awt.EventDispatchThread.pumpOneEventForFilters(Unknown Source)
	at java.awt.EventDispatchThread.pumpEventsForFilter(Unknown Source)
	at java.awt.EventDispatchThread.pumpEventsForHierarchy(Unknown Source)
	at java.awt.EventDispatchThread.pumpEvents(Unknown Source)
	at java.awt.EventDispatchThread.pumpEvents(Unknown Source)
	at java.awt.EventDispatchThread.run(Unknown Source)

Mar 17, 2017 7:01:24 PM editor.MapPanel getProvinceAt
WARNING: No province registered for 255,0,0
Mar 17, 2017 7:01:24 PM editor.MapPanel getProvinceAt
WARNING: No province registered for 255,0,0
Mar 17, 2017 7:01:27 PM editor.Main lambda$main$19
SEVERE: Uncaught exception
java.lang.NullPointerException
	at editor.mapmode.Utilities.readTitleColors(Utilities.java:186)
	at editor.mapmode.Utilities.initTitles(Utilities.java:123)
	at editor.mapmode.Utilities.getTitleColor(Utilities.java:286)
	at editor.mapmode.TitleMode.getTitleColor(TitleMode.java:75)
	at editor.mapmode.TitleMode.paintProvince(TitleMode.java:66)
	at editor.mapmode.ProvincePaintingMode.paint(ProvincePaintingMode.java:46)
	at editor.mapmode.MapMode.paint(MapMode.java:51)
	at editor.MapPanel.paintComponent(MapPanel.java:140)
	at javax.swing.JComponent.paint(Unknown Source)
	at javax.swing.JComponent.paintChildren(Unknown Source)
	at javax.swing.JComponent.paint(Unknown Source)
	at javax.swing.JViewport.paint(Unknown Source)
	at javax.swing.JComponent.paintChildren(Unknown Source)
	at javax.swing.JComponent.paint(Unknown Source)
	at javax.swing.JComponent.paintChildren(Unknown Source)
	at javax.swing.JComponent.paint(Unknown Source)
	at javax.swing.JComponent.paintChildren(Unknown Source)
	at javax.swing.JComponent.paint(Unknown Source)
	at javax.swing.JLayeredPane.paint(Unknown Source)
	at javax.swing.JComponent.paintChildren(Unknown Source)
	at javax.swing.JComponent.paint(Unknown Source)
	at javax.swing.JComponent.paintToOffscreen(Unknown Source)
	at javax.swing.RepaintManager$PaintManager.paintDoubleBuffered(Unknown Source)
	at javax.swing.RepaintManager$PaintManager.paint(Unknown Source)
	at javax.swing.RepaintManager.paint(Unknown Source)
	at javax.swing.JComponent._paintImmediately(Unknown Source)
	at javax.swing.JComponent.paintImmediately(Unknown Source)
	at javax.swing.RepaintManager$4.run(Unknown Source)
	at javax.swing.RepaintManager$4.run(Unknown Source)
	at java.security.AccessController.doPrivileged(Native Method)
	at java.security.ProtectionDomain$JavaSecurityAccessImpl.doIntersectionPrivilege(Unknown Source)
	at javax.swing.RepaintManager.paintDirtyRegions(Unknown Source)
	at javax.swing.RepaintManager.paintDirtyRegions(Unknown Source)
	at javax.swing.RepaintManager.prePaintDirtyRegions(Unknown Source)
	at javax.swing.RepaintManager.access$1200(Unknown Source)
	at javax.swing.RepaintManager$ProcessingRunnable.run(Unknown Source)
	at java.awt.event.InvocationEvent.dispatch(Unknown Source)
	at java.awt.EventQueue.dispatchEventImpl(Unknown Source)
	at java.awt.EventQueue.access$500(Unknown Source)
	at java.awt.EventQueue$3.run(Unknown Source)
	at java.awt.EventQueue$3.run(Unknown Source)
	at java.security.AccessController.doPrivileged(Native Method)
	at java.security.ProtectionDomain$JavaSecurityAccessImpl.doIntersectionPrivilege(Unknown Source)
	at java.awt.EventQueue.dispatchEvent(Unknown Source)
	at java.awt.EventDispatchThread.pumpOneEventForFilters(Unknown Source)
	at java.awt.EventDispatchThread.pumpEventsForFilter(Unknown Source)
	at java.awt.EventDispatchThread.pumpEventsForHierarchy(Unknown Source)
	at java.awt.EventDispatchThread.pumpEvents(Unknown Source)
	at java.awt.EventDispatchThread.pumpEvents(Unknown Source)
	at java.awt.EventDispatchThread.run(Unknown Source)

Mar 17, 2017 7:01:28 PM editor.MapPanel getProvinceAt
WARNING: No province registered for 255,0,0
Mar 17, 2017 7:01:28 PM editor.MapPanel getProvinceAt
WARNING: No province registered for 255,0,0
Mar 17, 2017 7:01:28 PM editor.MapPanel getProvinceAt
WARNING: No province registered for 255,0,0
Mar 17, 2017 7:01:28 PM editor.MapPanel getProvinceAt
WARNING: No province registered for 255,0,0
Mar 17, 2017 7:01:29 PM editor.MapPanel getProvinceAt
WARNING: No province registered for 255,0,0
Mar 17, 2017 7:01:29 PM editor.MapPanel getProvinceAt
WARNING: No province registered for 255,0,0
Mar 17, 2017 7:01:30 PM editor.MapPanel getProvinceAt
WARNING: No province registered for 255,0,0
Mar 17, 2017 7:01:30 PM editor.MapPanel getProvinceAt
WARNING: No province registered for 255,0,0
Mar 17, 2017 7:01:30 PM editor.MapPanel getProvinceAt
WARNING: No province registered for 255,0,0
Mar 17, 2017 7:01:30 PM editor.MapPanel getProvinceAt
WARNING: No province registered for 255,0,0
Mar 17, 2017 7:01:30 PM editor.MapPanel getProvinceAt
WARNING: No province registered for 255,0,0
Mar 17, 2017 7:01:30 PM editor.MapPanel getProvinceAt
WARNING: No province registered for 255,0,0
Mar 17, 2017 7:01:30 PM editor.MapPanel getProvinceAt
WARNING: No province registered for 255,0,0
Mar 17, 2017 7:01:30 PM editor.MapPanel getProvinceAt
WARNING: No province registered for 255,0,0
Mar 17, 2017 7:01:30 PM editor.MapPanel getProvinceAt
WARNING: No province registered for 255,0,0
Mar 17, 2017 7:01:30 PM editor.MapPanel getProvinceAt
WARNING: No province registered for 255,0,0
Mar 17, 2017 7:01:30 PM editor.MapPanel getProvinceAt
WARNING: No province registered for 255,0,0
Mar 17, 2017 7:01:30 PM editor.MapPanel getProvinceAt
WARNING: No province registered for 255,0,0
Mar 17, 2017 7:01:30 PM editor.MapPanel getProvinceAt
WARNING: No province registered for 255,0,0
Mar 17, 2017 7:01:30 PM editor.MapPanel getProvinceAt
WARNING: No province registered for 255,0,0
Mar 17, 2017 7:01:30 PM editor.MapPanel getProvinceAt
WARNING: No province registered for 255,0,0
Mar 17, 2017 7:01:30 PM editor.MapPanel getProvinceAt
WARNING: No province registered for 255,0,0
Mar 17, 2017 7:01:30 PM editor.MapPanel getProvinceAt
WARNING: No province registered for 255,0,0
Mar 17, 2017 7:01:30 PM editor.MapPanel getProvinceAt
WARNING: No province registered for 255,0,0
Mar 17, 2017 7:01:30 PM editor.MapPanel getProvinceAt
WARNING: No province registered for 255,0,0
Mar 17, 2017 7:01:30 PM editor.MapPanel getProvinceAt
WARNING: No province registered for 255,0,0
Mar 17, 2017 7:01:30 PM editor.MapPanel getProvinceAt
WARNING: No province registered for 255,0,0
Mar 17, 2017 7:01:30 PM editor.MapPanel getProvinceAt
WARNING: No province registered for 255,0,0
Mar 17, 2017 7:01:30 PM editor.MapPanel getProvinceAt
WARNING: No province registered for 255,0,0
Mar 17, 2017 7:01:30 PM editor.MapPanel getProvinceAt
WARNING: No province registered for 255,0,0
Mar 17, 2017 7:01:30 PM editor.MapPanel getProvinceAt
WARNING: No province registered for 255,0,0
Mar 17, 2017 7:01:30 PM editor.MapPanel getProvinceAt
WARNING: No province registered for 255,0,0
Mar 17, 2017 7:01:30 PM editor.MapPanel getProvinceAt
WARNING: No province registered for 255,0,0
Mar 17, 2017 7:01:30 PM editor.MapPanel getProvinceAt
WARNING: No province registered for 255,0,0
Mar 17, 2017 7:01:30 PM editor.MapPanel getProvinceAt
WARNING: No province registered for 255,0,0
Mar 17, 2017 7:01:30 PM editor.MapPanel getProvinceAt
WARNING: No province registered for 255,0,0
Mar 17, 2017 7:01:30 PM editor.MapPanel getProvinceAt
WARNING: No province registered for 255,0,0
Mar 17, 2017 7:01:30 PM editor.MapPanel getProvinceAt
WARNING: No province registered for 255,0,0
Mar 17, 2017 7:01:30 PM editor.MapPanel getProvinceAt
WARNING: No province registered for 255,0,0
Mar 17, 2017 7:01:30 PM editor.MapPanel getProvinceAt
WARNING: No province registered for 255,0,0
Mar 17, 2017 7:01:30 PM editor.MapPanel getProvinceAt
WARNING: No province registered for 255,0,0
Mar 17, 2017 7:01:30 PM editor.MapPanel getProvinceAt
WARNING: No province registered for 255,0,0
Mar 17, 2017 7:01:30 PM editor.MapPanel getProvinceAt
WARNING: No province registered for 255,0,0
Mar 17, 2017 7:01:30 PM editor.MapPanel getProvinceAt
WARNING: No province registered for 255,0,0
Mar 17, 2017 7:01:31 PM editor.MapPanel getProvinceAt
WARNING: No province registered for 255,0,0
Mar 17, 2017 7:01:31 PM editor.MapPanel getProvinceAt
WARNING: No province registered for 255,0,0
Mar 17, 2017 7:01:31 PM editor.MapPanel getProvinceAt
WARNING: No province registered for 255,0,0
Mar 17, 2017 7:01:31 PM editor.MapPanel getProvinceAt
WARNING: No province registered for 255,0,0
Mar 17, 2017 7:01:31 PM editor.MapPanel getProvinceAt
WARNING: No province registered for 255,0,0
Mar 17, 2017 7:01:31 PM editor.MapPanel getProvinceAt
WARNING: No province registered for 255,0,0
Mar 17, 2017 7:01:32 PM editor.MapPanel getProvinceAt
WARNING: No province registered for 255,0,0
Mar 17, 2017 7:01:32 PM editor.MapPanel getProvinceAt
WARNING: No province registered for 255,0,0
Mar 17, 2017 7:01:38 PM editor.MapPanel getProvinceAt
WARNING: No province registered for 255,0,0
Mar 17, 2017 7:01:38 PM editor.MapPanel getProvinceAt
WARNING: No province registered for 255,0,0
Mar 17, 2017 7:01:38 PM editor.MapPanel getProvinceAt
WARNING: No province registered for 255,0,0
Mar 17, 2017 7:01:38 PM editor.MapPanel getProvinceAt
WARNING: No province registered for 255,0,0
Mar 17, 2017 7:01:44 PM editor.MapPanel getProvinceAt
WARNING: No province registered for 255,0,0
Mar 17, 2017 7:01:50 PM editor.MapPanel getProvinceAt
WARNING: No province registered for 255,0,0
Mar 17, 2017 7:01:50 PM editor.MapPanel getProvinceAt
WARNING: No province registered for 255,0,0
Mar 17, 2017 7:01:50 PM editor.MapPanel getProvinceAt
WARNING: No province registered for 255,0,0
Mar 17, 2017 7:01:50 PM editor.MapPanel getProvinceAt
WARNING: No province registered for 255,0,0
Mar 17, 2017 7:01:50 PM editor.MapPanel getProvinceAt
WARNING: No province registered for 255,0,0
Mar 17, 2017 7:01:50 PM editor.MapPanel getProvinceAt
WARNING: No province registered for 255,0,0
Mar 17, 2017 7:01:50 PM editor.MapPanel getProvinceAt
WARNING: No province registered for 255,0,0
Mar 17, 2017 7:01:50 PM editor.MapPanel getProvinceAt
WARNING: No province registered for 255,0,0
Mar 17, 2017 7:01:50 PM editor.MapPanel getProvinceAt
WARNING: No province registered for 255,0,0
Mar 17, 2017 7:01:50 PM editor.MapPanel getProvinceAt
WARNING: No province registered for 255,0,0
Mar 17, 2017 7:01:50 PM editor.MapPanel getProvinceAt
WARNING: No province registered for 255,0,0
Mar 17, 2017 7:01:50 PM editor.MapPanel getProvinceAt
WARNING: No province registered for 255,0,0
Mar 17, 2017 7:01:50 PM editor.MapPanel getProvinceAt
WARNING: No province registered for 255,0,0
Mar 17, 2017 7:01:50 PM editor.MapPanel getProvinceAt
WARNING: No province registered for 255,0,0
Mar 17, 2017 7:01:50 PM editor.MapPanel getProvinceAt
WARNING: No province registered for 255,0,0
Mar 17, 2017 7:01:50 PM editor.MapPanel getProvinceAt
WARNING: No province registered for 255,0,0
Mar 17, 2017 7:01:50 PM editor.MapPanel getProvinceAt
WARNING: No province registered for 255,0,0
Mar 17, 2017 7:01:50 PM editor.MapPanel getProvinceAt
WARNING: No province registered for 255,0,0
Mar 17, 2017 7:01:50 PM editor.MapPanel getProvinceAt
WARNING: No province registered for 255,0,0
Mar 17, 2017 7:01:50 PM editor.MapPanel getProvinceAt
WARNING: No province registered for 255,0,0
Mar 17, 2017 7:01:50 PM editor.MapPanel getProvinceAt
WARNING: No province registered for 255,0,0
Mar 17, 2017 7:01:50 PM editor.MapPanel getProvinceAt
WARNING: No province registered for 255,0,0
Mar 17, 2017 7:01:50 PM editor.MapPanel getProvinceAt
WARNING: No province registered for 255,0,0
Mar 17, 2017 7:01:50 PM editor.MapPanel getProvinceAt
WARNING: No province registered for 255,0,0
Mar 17, 2017 7:01:50 PM editor.MapPanel getProvinceAt
WARNING: No province registered for 255,0,0
Mar 17, 2017 7:01:50 PM editor.MapPanel getProvinceAt
WARNING: No province registered for 255,0,0
Mar 17, 2017 7:01:50 PM editor.MapPanel getProvinceAt
WARNING: No province registered for 255,0,0
Mar 17, 2017 7:01:50 PM editor.MapPanel getProvinceAt
WARNING: No province registered for 255,0,0
Mar 17, 2017 7:01:51 PM editor.MapPanel getProvinceAt
WARNING: No province registered for 255,0,0
Mar 17, 2017 7:01:51 PM editor.MapPanel getProvinceAt
WARNING: No province registered for 255,0,0
Mar 17, 2017 7:01:51 PM editor.MapPanel getProvinceAt
WARNING: No province registered for 255,0,0
Mar 17, 2017 7:01:51 PM editor.MapPanel getProvinceAt
WARNING: No province registered for 255,0,0
Mar 17, 2017 7:01:51 PM editor.MapPanel getProvinceAt
WARNING: No province registered for 255,0,0
Mar 17, 2017 7:01:51 PM editor.MapPanel getProvinceAt
WARNING: No province registered for 255,0,0
Mar 17, 2017 7:01:51 PM editor.MapPanel getProvinceAt
WARNING: No province registered for 255,0,0
Mar 17, 2017 7:01:51 PM editor.MapPanel getProvinceAt
WARNING: No province registered for 255,0,0
Mar 17, 2017 7:01:51 PM editor.MapPanel getProvinceAt
WARNING: No province registered for 255,0,0
Mar 17, 2017 7:01:51 PM editor.MapPanel getProvinceAt
WARNING: No province registered for 255,0,0
Mar 17, 2017 7:01:51 PM editor.MapPanel getProvinceAt
WARNING: No province registered for 255,0,0
Mar 17, 2017 7:01:51 PM editor.MapPanel getProvinceAt
WARNING: No province registered for 255,0,0
Mar 17, 2017 7:01:51 PM editor.MapPanel getProvinceAt
WARNING: No province registered for 255,0,0
Mar 17, 2017 7:01:51 PM editor.MapPanel getProvinceAt
WARNING: No province registered for 255,0,0
Mar 17, 2017 7:01:51 PM editor.MapPanel getProvinceAt
WARNING: No province registered for 255,0,0
Mar 17, 2017 7:01:51 PM editor.MapPanel getProvinceAt
WARNING: No province registered for 255,0,0
Mar 17, 2017 7:01:51 PM editor.MapPanel getProvinceAt
WARNING: No province registered for 255,0,0
Mar 17, 2017 7:01:51 PM editor.MapPanel getProvinceAt
WARNING: No province registered for 255,0,0
Mar 17, 2017 7:01:51 PM editor.MapPanel getProvinceAt
WARNING: No province registered for 255,0,0
Mar 17, 2017 7:01:51 PM editor.MapPanel getProvinceAt
WARNING: No province registered for 255,0,0
Mar 17, 2017 7:01:51 PM editor.MapPanel getProvinceAt
WARNING: No province registered for 255,0,0
Mar 17, 2017 7:01:51 PM editor.MapPanel getProvinceAt
WARNING: No province registered for 255,0,0
Mar 17, 2017 7:01:51 PM editor.MapPanel getProvinceAt
WARNING: No province registered for 255,0,0
Mar 17, 2017 7:01:51 PM editor.MapPanel getProvinceAt
WARNING: No province registered for 255,0,0
Mar 17, 2017 7:01:51 PM editor.MapPanel getProvinceAt
WARNING: No province registered for 255,0,0
Mar 17, 2017 7:01:51 PM editor.MapPanel getProvinceAt
WARNING: No province registered for 255,0,0
Mar 17, 2017 7:01:51 PM editor.MapPanel getProvinceAt
WARNING: No province registered for 255,0,0
Mar 17, 2017 7:01:51 PM editor.MapPanel getProvinceAt
WARNING: No province registered for 255,0,0
Mar 17, 2017 7:01:51 PM editor.MapPanel getProvinceAt
WARNING: No province registered for 255,0,0
Mar 17, 2017 7:01:51 PM editor.MapPanel getProvinceAt
WARNING: No province registered for 255,0,0
Mar 17, 2017 7:01:51 PM editor.MapPanel getProvinceAt
WARNING: No province registered for 255,0,0
Mar 17, 2017 7:01:51 PM editor.MapPanel getProvinceAt
WARNING: No province registered for 255,0,0
Mar 17, 2017 7:01:51 PM editor.MapPanel getProvinceAt
WARNING: No province registered for 255,0,0
Mar 17, 2017 7:01:51 PM editor.MapPanel getProvinceAt
WARNING: No province registered for 255,0,0
Mar 17, 2017 7:01:51 PM editor.MapPanel getProvinceAt
WARNING: No province registered for 255,0,0
Mar 17, 2017 7:01:51 PM editor.MapPanel getProvinceAt
WARNING: No province registered for 255,0,0
Mar 17, 2017 7:01:51 PM editor.MapPanel getProvinceAt
WARNING: No province registered for 255,0,0
Mar 17, 2017 7:01:51 PM editor.MapPanel getProvinceAt
WARNING: No province registered for 255,0,0
Mar 17, 2017 7:01:51 PM editor.MapPanel getProvinceAt
WARNING: No province registered for 255,0,0
Mar 17, 2017 7:01:51 PM editor.MapPanel getProvinceAt
WARNING: No province registered for 255,0,0
Mar 17, 2017 7:01:51 PM editor.MapPanel getProvinceAt
WARNING: No province registered for 255,0,0
Mar 17, 2017 7:02:33 PM editor.EditorUI doClose
INFO: Exiting...
